
sub_ids  [ 1.  2.  3.  4.  5.  6.  7.  8. 10. 12. 13. 14. 15. 16. 17. 18. 19. 21.
 22. 23. 24. 26. 27. 28. 29. 30. 31. 32. 33. 41. 43. 44. 45. 46. 47. 48.
 49. 50. 51. 52. 53. 54. 55.]
train_index [12. 13. 14. 15. 16. 17. 18. 19. 21. 22. 23. 24. 26. 27. 28. 29. 30. 31.
 32. 33. 41. 43. 44. 45. 46. 47. 48. 49. 50. 51. 52. 53. 54. 55.]
test_index [ 1.  2.  3.  4.  5.  6.  7.  8. 10.]

Fold 1 of 5
train_ids_f  {12.0, 13.0, 14.0, 15.0, 16.0, 17.0, 18.0, 19.0, 21.0, 22.0, 23.0, 24.0, 26.0, 27.0, 28.0, 29.0, 30.0, 31.0, 32.0, 33.0, 41.0, 43.0, 44.0, 45.0, 46.0, 47.0, 48.0, 49.0, 50.0, 51.0, 52.0, 53.0, 54.0, 55.0}
test_ids_f  {1.0, 2.0, 3.0, 4.0, 5.0, 6.0, 7.0, 8.0, 10.0}

Training Fixations
Regression using  MLPRegressor(hidden_layer_sizes=(100, 50, 25))
	RMSE train:  6.610161206112704
	MAE train:  4.554826142178916
	R2 train:  0.3567220520600105
Training Saccades
Regression using  MLPRegressor(hidden_layer_sizes=(100, 50, 25))
	RMSE train:  6.919561271781241
	MAE train:  4.850035208102989
	R2 train:  0.2880622472725447
ppred_fix  19.98147616664025
[ 1.  2.  3.  4.  5.  6.  7.  8. 10.] [19.98147617 19.2943528  19.25191764 19.27923267 18.66353154 18.99444228
 18.4289245  14.46494588 19.01729328]
Regression Evaluation
	RMSE test 5.943081350833063
	MAE test 5.188627184810643
	R2 test 0.06931116091340261
train_index [ 1.  2.  3.  4.  5.  6.  7.  8. 10. 22. 23. 24. 26. 27. 28. 29. 30. 31.
 32. 33. 41. 43. 44. 45. 46. 47. 48. 49. 50. 51. 52. 53. 54. 55.]
test_index [12. 13. 14. 15. 16. 17. 18. 19. 21.]

Fold 2 of 5
train_ids_f  {1.0, 2.0, 3.0, 4.0, 5.0, 6.0, 7.0, 8.0, 10.0, 22.0, 23.0, 24.0, 26.0, 27.0, 28.0, 29.0, 30.0, 31.0, 32.0, 33.0, 41.0, 43.0, 44.0, 45.0, 46.0, 47.0, 48.0, 49.0, 50.0, 51.0, 52.0, 53.0, 54.0, 55.0}
test_ids_f  {12.0, 13.0, 14.0, 15.0, 16.0, 17.0, 18.0, 19.0, 21.0}

Training Fixations
Regression using  MLPRegressor(hidden_layer_sizes=(100, 50, 25))
	RMSE train:  6.568244603908791
	MAE train:  4.854196554996503
	R2 train:  0.2487697088273264
Training Saccades
Regression using  MLPRegressor(hidden_layer_sizes=(100, 50, 25))
	RMSE train:  6.126656635037421
	MAE train:  4.683137069969613
	R2 train:  0.34474729914722735
ppred_fix  nan
[12. 13. 14. 15. 16. 17. 18. 19. 21.] [20.69781382 18.45935989 19.66720855 19.21642909 18.52925685 20.21833829
 19.68098964 20.00530022 20.19816465]
Regression Evaluation
	RMSE test 10.161728946834671
	MAE test 6.064145531701574
	R2 test -0.05848134020551132
train_index [ 1.  2.  3.  4.  5.  6.  7.  8. 10. 12. 13. 14. 15. 16. 17. 18. 19. 21.
 32. 33. 41. 43. 44. 45. 46. 47. 48. 49. 50. 51. 52. 53. 54. 55.]
test_index [22. 23. 24. 26. 27. 28. 29. 30. 31.]

Fold 3 of 5
train_ids_f  {1.0, 2.0, 3.0, 4.0, 5.0, 6.0, 7.0, 8.0, 10.0, 12.0, 13.0, 14.0, 15.0, 16.0, 17.0, 18.0, 19.0, 21.0, 32.0, 33.0, 41.0, 43.0, 44.0, 45.0, 46.0, 47.0, 48.0, 49.0, 50.0, 51.0, 52.0, 53.0, 54.0, 55.0}
test_ids_f  {22.0, 23.0, 24.0, 26.0, 27.0, 28.0, 29.0, 30.0, 31.0}

Training Fixations
Regression using  MLPRegressor(hidden_layer_sizes=(100, 50, 25))
	RMSE train:  7.433776740431334
	MAE train:  5.319973624516055
	R2 train:  0.1403426549805662
Training Saccades
Regression using  MLPRegressor(hidden_layer_sizes=(100, 50, 25))
	RMSE train:  6.291838899784722
	MAE train:  4.278991954465358
	R2 train:  0.37690657533459626
ppred_fix  nan
[22. 23. 24. 26. 27. 28. 29. 30. 31.] [17.94383678 19.04886685 19.66419621 19.35518443 21.24641629 18.11907598
 18.86449812 19.44087197 20.25829631]
Regression Evaluation
	RMSE test 7.137020242839339
	MAE test 5.723141177200731
	R2 test -0.10141529462962562
train_index [ 1.  2.  3.  4.  5.  6.  7.  8. 10. 12. 13. 14. 15. 16. 17. 18. 19. 21.
 22. 23. 24. 26. 27. 28. 29. 30. 31. 48. 49. 50. 51. 52. 53. 54. 55.]
test_index [32. 33. 41. 43. 44. 45. 46. 47.]

Fold 4 of 5
train_ids_f  {1.0, 2.0, 3.0, 4.0, 5.0, 6.0, 7.0, 8.0, 10.0, 12.0, 13.0, 14.0, 15.0, 16.0, 17.0, 18.0, 19.0, 21.0, 22.0, 23.0, 24.0, 26.0, 27.0, 28.0, 29.0, 30.0, 31.0, 48.0, 49.0, 50.0, 51.0, 52.0, 53.0, 54.0, 55.0}
test_ids_f  {32.0, 33.0, 41.0, 43.0, 44.0, 45.0, 46.0, 47.0}

Training Fixations
Regression using  MLPRegressor(hidden_layer_sizes=(100, 50, 25))
	RMSE train:  6.510352427739797
	MAE train:  4.563569234983272
	R2 train:  0.27119299705620004
Training Saccades
Regression using  MLPRegressor(hidden_layer_sizes=(100, 50, 25))
	RMSE train:  6.377867662518303
	MAE train:  4.489506175584353
	R2 train:  0.2946288078355358
ppred_fix  nan
[32. 33. 41. 43. 44. 45. 46. 47.] [18.77079595 19.00791369 19.05754597 18.60883524 18.88113147 19.32221286
 20.16317988 21.22665672]
Regression Evaluation
	RMSE test 8.141195288761725
	MAE test 6.987332015750047
	R2 test -0.06472386714467682
train_index [ 1.  2.  3.  4.  5.  6.  7.  8. 10. 12. 13. 14. 15. 16. 17. 18. 19. 21.
 22. 23. 24. 26. 27. 28. 29. 30. 31. 32. 33. 41. 43. 44. 45. 46. 47.]
test_index [48. 49. 50. 51. 52. 53. 54. 55.]

Fold 5 of 5
train_ids_f  {1.0, 2.0, 3.0, 4.0, 5.0, 6.0, 7.0, 8.0, 10.0, 12.0, 13.0, 14.0, 15.0, 16.0, 17.0, 18.0, 19.0, 21.0, 22.0, 23.0, 24.0, 26.0, 27.0, 28.0, 29.0, 30.0, 31.0, 32.0, 33.0, 41.0, 43.0, 44.0, 45.0, 46.0, 47.0}
test_ids_f  {48.0, 49.0, 50.0, 51.0, 52.0, 53.0, 54.0, 55.0}

Training Fixations
Regression using  MLPRegressor(hidden_layer_sizes=(100, 50, 25))
	RMSE train:  7.254609256785339
	MAE train:  5.2211525196369815
	R2 train:  0.10729331622934113
Training Saccades
Regression using  MLPRegressor(hidden_layer_sizes=(100, 50, 25))
	RMSE train:  7.04961684082372
	MAE train:  5.243483645067254
	R2 train:  0.14735966301606263
ppred_fix  nan
[48. 49. 50. 51. 52. 53. 54. 55.] [20.08893531 18.49069095 20.23178894 19.76969484 19.25571216 18.87221321
 18.38701016 17.70879639]
Regression Evaluation
	RMSE test 8.214941784811693
	MAE test 6.589985421912021
	R2 test 0.03935560814455341

RMSE CV score: 7.919593522816098 +- 1.391584025684663
MAE CV score: 6.110646266275004 +- 0.6325797385971417
R2 CV score: -0.023190746584371546 +- 0.06566301150434212

Training models with  classic features
Standard Deviation of labels 7.82077409617085

-------------------------------

Fixations Counts per Subject:
{1: 5309, 2: 6410, 3: 3521, 4: 3566, 5: 4606, 6: 5110, 7: 4930, 8: 5527, 10: 2502, 12: 5631, 13: 4101, 14: 5388, 15: 3392, 16: 3429, 17: 5071, 18: 3507, 19: 5891, 21: 4693, 22: 5281, 23: 5110, 24: 3767, 26: 5624, 27: 4638, 28: 4197, 29: 5193, 30: 4689, 31: 3529, 32: 6411, 33: 4188, 41: 5915, 43: 7097, 44: 5276, 45: 3430, 46: 4663, 47: 4575, 48: 3925, 49: 5512, 50: 5203, 51: 4585, 52: 2784, 53: 4762, 54: 3755, 55: 5273}

Saccades Counts per Subject:
{1: 3211, 2: 4162, 3: 2293, 4: 2151, 5: 2643, 6: 3356, 7: 2946, 8: 3276, 10: 1851, 12: 3539, 13: 2409, 14: 3686, 15: 1931, 16: 2047, 17: 2887, 18: 2559, 19: 3593, 21: 2738, 22: 3427, 23: 3287, 24: 2503, 26: 3608, 27: 2687, 28: 2558, 29: 3005, 30: 2798, 31: 2456, 32: 3888, 33: 2778, 41: 3367, 43: 4220, 44: 3639, 45: 1852, 46: 2587, 47: 2739, 48: 2621, 49: 3289, 50: 2823, 51: 3085, 52: 1864, 53: 2772, 54: 2460, 55: 3017}


sub_ids  [ 1.  2.  3.  4.  5.  6.  7.  8. 10. 12. 13. 14. 15. 16. 17. 18. 19. 21.
 22. 23. 24. 26. 27. 28. 29. 30. 31. 32. 33. 41. 43. 44. 45. 46. 47. 48.
 49. 50. 51. 52. 53. 54. 55.]
train_index [12. 13. 14. 15. 16. 17. 18. 19. 21. 22. 23. 24. 26. 27. 28. 29. 30. 31.
 32. 33. 41. 43. 44. 45. 46. 47. 48. 49. 50. 51. 52. 53. 54. 55.]
test_index [ 1.  2.  3.  4.  5.  6.  7.  8. 10.]

Fold 1 of 5
train_ids_f  {12.0, 13.0, 14.0, 15.0, 16.0, 17.0, 18.0, 19.0, 21.0, 22.0, 23.0, 24.0, 26.0, 27.0, 28.0, 29.0, 30.0, 31.0, 32.0, 33.0, 41.0, 43.0, 44.0, 45.0, 46.0, 47.0, 48.0, 49.0, 50.0, 51.0, 52.0, 53.0, 54.0, 55.0}
test_ids_f  {1.0, 2.0, 3.0, 4.0, 5.0, 6.0, 7.0, 8.0, 10.0}

Training Fixations
Regression using  MLPRegressor(hidden_layer_sizes=(100, 50, 25))
	RMSE train:  8.24151330256873
	MAE train:  6.434318580733234
	R2 train:  2.650338995879853e-05
Training Saccades
Regression using  MLPRegressor(hidden_layer_sizes=(100, 50, 25))
	RMSE train:  11.075602059415717
	MAE train:  6.665495591198301
	R2 train:  -0.8239779822464104
ppred_fix  19.862175225316424
[ 1.  2.  3.  4.  5.  6.  7.  8. 10.] [19.86217523 19.94020539 19.7923159  19.79827303 19.8390376  19.8781011
 19.87865136 19.88927518 19.70318022]
Regression Evaluation
	RMSE test 6.291195107680993
	MAE test 5.489278753437562
	R2 test -0.04291151805974325
train_index [ 1.  2.  3.  4.  5.  6.  7.  8. 10. 22. 23. 24. 26. 27. 28. 29. 30. 31.
 32. 33. 41. 43. 44. 45. 46. 47. 48. 49. 50. 51. 52. 53. 54. 55.]
test_index [12. 13. 14. 15. 16. 17. 18. 19. 21.]

Fold 2 of 5
train_ids_f  {1.0, 2.0, 3.0, 4.0, 5.0, 6.0, 7.0, 8.0, 10.0, 22.0, 23.0, 24.0, 26.0, 27.0, 28.0, 29.0, 30.0, 31.0, 32.0, 33.0, 41.0, 43.0, 44.0, 45.0, 46.0, 47.0, 48.0, 49.0, 50.0, 51.0, 52.0, 53.0, 54.0, 55.0}
test_ids_f  {12.0, 13.0, 14.0, 15.0, 16.0, 17.0, 18.0, 19.0, 21.0}

Training Fixations
Regression using  MLPRegressor(hidden_layer_sizes=(100, 50, 25))
	RMSE train:  7.574087832909911
	MAE train:  6.336460599033653
	R2 train:  0.0010698298607491052
Training Saccades
Regression using  MLPRegressor(hidden_layer_sizes=(100, 50, 25))
	RMSE train:  7.524988048448492
	MAE train:  6.285428981614112
	R2 train:  0.011507527940041173
ppred_fix  nan
[12. 13. 14. 15. 16. 17. 18. 19. 21.] [19.97975091 19.9251813  19.9767438  19.88230636 19.8718467  19.95860225
 19.88917906 19.98066224 19.95216213]
Regression Evaluation
	RMSE test 9.85738218449831
	MAE test 6.21174247995102
	R2 test 0.0039728339619796715
train_index [ 1.  2.  3.  4.  5.  6.  7.  8. 10. 12. 13. 14. 15. 16. 17. 18. 19. 21.
 32. 33. 41. 43. 44. 45. 46. 47. 48. 49. 50. 51. 52. 53. 54. 55.]
test_index [22. 23. 24. 26. 27. 28. 29. 30. 31.]

Fold 3 of 5
train_ids_f  {1.0, 2.0, 3.0, 4.0, 5.0, 6.0, 7.0, 8.0, 10.0, 12.0, 13.0, 14.0, 15.0, 16.0, 17.0, 18.0, 19.0, 21.0, 32.0, 33.0, 41.0, 43.0, 44.0, 45.0, 46.0, 47.0, 48.0, 49.0, 50.0, 51.0, 52.0, 53.0, 54.0, 55.0}
test_ids_f  {22.0, 23.0, 24.0, 26.0, 27.0, 28.0, 29.0, 30.0, 31.0}

Training Fixations
Regression using  MLPRegressor(hidden_layer_sizes=(100, 50, 25))
	RMSE train:  8.014243197161548
	MAE train:  6.192198222220563
	R2 train:  0.0008484068659251331
Training Saccades
Regression using  MLPRegressor(hidden_layer_sizes=(100, 50, 25))
	RMSE train:  7.9492541848245635
	MAE train:  6.048438876366552
	R2 train:  0.005394747617611051
ppred_fix  nan
[22. 23. 24. 26. 27. 28. 29. 30. 31.] [19.29117411 19.30765228 19.28985626 19.34159102 19.32268776 19.31066633
 19.35311035 19.33372352 19.27954824]
Regression Evaluation
	RMSE test 7.009606834858057
	MAE test 5.380381112850625
	R2 test -0.062440370080723895
train_index [ 1.  2.  3.  4.  5.  6.  7.  8. 10. 12. 13. 14. 15. 16. 17. 18. 19. 21.
 22. 23. 24. 26. 27. 28. 29. 30. 31. 48. 49. 50. 51. 52. 53. 54. 55.]
test_index [32. 33. 41. 43. 44. 45. 46. 47.]

Fold 4 of 5
train_ids_f  {1.0, 2.0, 3.0, 4.0, 5.0, 6.0, 7.0, 8.0, 10.0, 12.0, 13.0, 14.0, 15.0, 16.0, 17.0, 18.0, 19.0, 21.0, 22.0, 23.0, 24.0, 26.0, 27.0, 28.0, 29.0, 30.0, 31.0, 48.0, 49.0, 50.0, 51.0, 52.0, 53.0, 54.0, 55.0}
test_ids_f  {32.0, 33.0, 41.0, 43.0, 44.0, 45.0, 46.0, 47.0}

Training Fixations
Regression using  MLPRegressor(hidden_layer_sizes=(100, 50, 25))
	RMSE train:  7.6244065206412905
	MAE train:  5.646050696229382
	R2 train:  0.0004244441414124056
Training Saccades
Regression using  MLPRegressor(hidden_layer_sizes=(100, 50, 25))
	RMSE train:  7.557609105497498
	MAE train:  5.634016791076582
	R2 train:  0.009543143496232864
ppred_fix  nan
[32. 33. 41. 43. 44. 45. 46. 47.] [19.09746249 19.13403536 19.13810781 19.05075258 19.04638873 19.24001434
 19.20594003 19.18551594]
Regression Evaluation
	RMSE test 7.916204466749984
	MAE test 6.806903972149735
	R2 test -0.006687440311524462
train_index [ 1.  2.  3.  4.  5.  6.  7.  8. 10. 12. 13. 14. 15. 16. 17. 18. 19. 21.
 22. 23. 24. 26. 27. 28. 29. 30. 31. 32. 33. 41. 43. 44. 45. 46. 47.]
test_index [48. 49. 50. 51. 52. 53. 54. 55.]

Fold 5 of 5
train_ids_f  {1.0, 2.0, 3.0, 4.0, 5.0, 6.0, 7.0, 8.0, 10.0, 12.0, 13.0, 14.0, 15.0, 16.0, 17.0, 18.0, 19.0, 21.0, 22.0, 23.0, 24.0, 26.0, 27.0, 28.0, 29.0, 30.0, 31.0, 32.0, 33.0, 41.0, 43.0, 44.0, 45.0, 46.0, 47.0}
test_ids_f  {48.0, 49.0, 50.0, 51.0, 52.0, 53.0, 54.0, 55.0}

Training Fixations
Regression using  MLPRegressor(hidden_layer_sizes=(100, 50, 25))
	RMSE train:  7.685096079381007
	MAE train:  5.867200484234391
	R2 train:  -0.0017961027704742616
Training Saccades
Regression using  MLPRegressor(hidden_layer_sizes=(100, 50, 25))
	RMSE train:  8.219445600048708
	MAE train:  6.021575141641003
	R2 train:  -0.15909731426419227
ppred_fix  nan
[48. 49. 50. 51. 52. 53. 54. 55.] [19.33644379 19.37922157 19.39700382 19.36703444 19.25275934 19.37198988
 19.33238379 19.37805101]
Regression Evaluation
	RMSE test 8.318495257385363
	MAE test 6.942868034651645
	R2 test 0.014984151642095656

RMSE CV score: 7.878576770234543 +- 1.2153603809242102
MAE CV score: 6.166234870608117 +- 0.6467646596447146
R2 CV score: -0.018616468569583256 +- 0.029299705650538556

Training models with  pupil features
Standard Deviation of labels 7.82077409617085

-------------------------------

Training Fixations
Regression using  MLPRegressor(hidden_layer_sizes=(100, 50, 25))
	RMSE train:  7.57621004868502
	MAE train:  5.436236175888533
	R2 train:  0.1549574536910283
Training Saccades
Regression using  MLPRegressor(hidden_layer_sizes=(100, 50, 25))
	RMSE train:  7.494163452843054
	MAE train:  5.432162300883613
	R2 train:  0.1649139536527643
ppred_fix  19.34461006950578
[ 1.  2.  3.  4.  5.  6.  7.  8. 10.] [19.34461007 18.55928025 18.96698724 19.04372872 18.7928324  19.05202214
 21.14709072 19.35137954 19.39959881]
Regression Evaluation
	RMSE test 6.068691806402652
	MAE test 5.226886241333722
	R2 test 0.02955411856571455
train_index [ 1.  2.  3.  4.  5.  6.  7.  8. 10. 22. 23. 24. 26. 27. 28. 29. 30. 31.
 32. 33. 41. 43. 44. 45. 46. 47. 48. 49. 50. 51. 52. 53. 54. 55.]
test_index [12. 13. 14. 15. 16. 17. 18. 19. 21.]

Fold 2 of 5
train_ids_f  {1.0, 2.0, 3.0, 4.0, 5.0, 6.0, 7.0, 8.0, 10.0, 22.0, 23.0, 24.0, 26.0, 27.0, 28.0, 29.0, 30.0, 31.0, 32.0, 33.0, 41.0, 43.0, 44.0, 45.0, 46.0, 47.0, 48.0, 49.0, 50.0, 51.0, 52.0, 53.0, 54.0, 55.0}
test_ids_f  {12.0, 13.0, 14.0, 15.0, 16.0, 17.0, 18.0, 19.0, 21.0}

Training Fixations
Regression using  MLPRegressor(hidden_layer_sizes=(100, 50, 25))
	RMSE train:  6.735601470535707
	MAE train:  5.294921923551209
	R2 train:  0.2099997621753028
Training Saccades
Regression using  MLPRegressor(hidden_layer_sizes=(100, 50, 25))
	RMSE train:  6.688131227263832
	MAE train:  5.256959791910118
	R2 train:  0.2191433579549208
ppred_fix  nan
[12. 13. 14. 15. 16. 17. 18. 19. 21.] [19.88912014 18.23909705 18.81664189 18.38834419 18.4631441  19.31647052
 18.48187629 18.67538306 18.63861467]
Regression Evaluation
	RMSE test 9.989081668711409
	MAE test 5.834090671401272
	R2 test -0.022819787309426465
train_index [ 1.  2.  3.  4.  5.  6.  7.  8. 10. 12. 13. 14. 15. 16. 17. 18. 19. 21.
 32. 33. 41. 43. 44. 45. 46. 47. 48. 49. 50. 51. 52. 53. 54. 55.]
test_index [22. 23. 24. 26. 27. 28. 29. 30. 31.]

Fold 3 of 5
train_ids_f  {1.0, 2.0, 3.0, 4.0, 5.0, 6.0, 7.0, 8.0, 10.0, 12.0, 13.0, 14.0, 15.0, 16.0, 17.0, 18.0, 19.0, 21.0, 32.0, 33.0, 41.0, 43.0, 44.0, 45.0, 46.0, 47.0, 48.0, 49.0, 50.0, 51.0, 52.0, 53.0, 54.0, 55.0}
test_ids_f  {22.0, 23.0, 24.0, 26.0, 27.0, 28.0, 29.0, 30.0, 31.0}

Training Fixations
Regression using  MLPRegressor(hidden_layer_sizes=(100, 50, 25))
	RMSE train:  7.193780550418375
	MAE train:  5.0592836705253355
	R2 train:  0.19495395383374303
Training Saccades
Regression using  MLPRegressor(hidden_layer_sizes=(100, 50, 25))
	RMSE train:  7.118551838420153
	MAE train:  4.960172186929531
	R2 train:  0.202407091462656
ppred_fix  nan
[22. 23. 24. 26. 27. 28. 29. 30. 31.] [18.64515722 18.91402254 19.46319949 18.78216435 20.43442858 18.57096787
 18.8778221  18.87134678 20.44436766]
Regression Evaluation
	RMSE test 6.991123942895891
	MAE test 5.495258129599146
	R2 test -0.056844883283370784
train_index [ 1.  2.  3.  4.  5.  6.  7.  8. 10. 12. 13. 14. 15. 16. 17. 18. 19. 21.
 22. 23. 24. 26. 27. 28. 29. 30. 31. 48. 49. 50. 51. 52. 53. 54. 55.]
test_index [32. 33. 41. 43. 44. 45. 46. 47.]

Fold 4 of 5
train_ids_f  {1.0, 2.0, 3.0, 4.0, 5.0, 6.0, 7.0, 8.0, 10.0, 12.0, 13.0, 14.0, 15.0, 16.0, 17.0, 18.0, 19.0, 21.0, 22.0, 23.0, 24.0, 26.0, 27.0, 28.0, 29.0, 30.0, 31.0, 48.0, 49.0, 50.0, 51.0, 52.0, 53.0, 54.0, 55.0}
test_ids_f  {32.0, 33.0, 41.0, 43.0, 44.0, 45.0, 46.0, 47.0}

Training Fixations
Regression using  MLPRegressor(hidden_layer_sizes=(100, 50, 25))
	RMSE train:  6.7203511676264664
	MAE train:  4.648226552415315
	R2 train:  0.22341772511521285
Training Saccades
Regression using  MLPRegressor(hidden_layer_sizes=(100, 50, 25))
	RMSE train:  6.744891777614674
	MAE train:  4.808072250768549
	R2 train:  0.2111095782706207
ppred_fix  nan
[32. 33. 41. 43. 44. 45. 46. 47.] [18.30709257 18.92681767 18.91102749 18.20119114 18.22343625 19.06131039
 19.57758483 18.90481456]
Regression Evaluation
	RMSE test 8.025933047711558
	MAE test 6.786982744672603
	R2 test -0.03478877568431371
train_index [ 1.  2.  3.  4.  5.  6.  7.  8. 10. 12. 13. 14. 15. 16. 17. 18. 19. 21.
 22. 23. 24. 26. 27. 28. 29. 30. 31. 32. 33. 41. 43. 44. 45. 46. 47.]
test_index [48. 49. 50. 51. 52. 53. 54. 55.]

Fold 5 of 5
train_ids_f  {1.0, 2.0, 3.0, 4.0, 5.0, 6.0, 7.0, 8.0, 10.0, 12.0, 13.0, 14.0, 15.0, 16.0, 17.0, 18.0, 19.0, 21.0, 22.0, 23.0, 24.0, 26.0, 27.0, 28.0, 29.0, 30.0, 31.0, 32.0, 33.0, 41.0, 43.0, 44.0, 45.0, 46.0, 47.0}
test_ids_f  {48.0, 49.0, 50.0, 51.0, 52.0, 53.0, 54.0, 55.0}

Training Fixations
Regression using  MLPRegressor(hidden_layer_sizes=(100, 50, 25))
	RMSE train:  7.532730548945996
	MAE train:  5.615333435061657
	R2 train:  0.037533548437562514
Training Saccades
Regression using  MLPRegressor(hidden_layer_sizes=(100, 50, 25))
	RMSE train:  7.495066356742907
	MAE train:  5.613896261551558
	R2 train:  0.0362024610819931
ppred_fix  nan
[48. 49. 50. 51. 52. 53. 54. 55.] [17.99161612 18.40261827 18.03901518 20.29193222 19.18000296 18.76714387
 23.26736136 28.03337713]
Regression Evaluation
	RMSE test 8.89213977952109
	MAE test 7.382940449225517
	R2 test -0.12555373464115838

RMSE CV score: 7.99339404904852 +- 1.3784481011837646
MAE CV score: 6.145231647246452 +- 0.8131912585115313
R2 CV score: -0.042090612470510956 +- 0.050480551260433104


sub_ids  [ 1.  2.  3.  4.  5.  6.  7.  8. 10. 12. 13. 14. 15. 16. 17. 18. 19. 21.
 22. 23. 24. 26. 27. 28. 29. 30. 31. 32. 33. 41. 43. 44. 45. 46. 47. 48.
 49. 50. 51. 52. 53. 54. 55.]
train_index [12. 13. 14. 15. 16. 17. 18. 19. 21. 22. 23. 24. 26. 27. 28. 29. 30. 31.
 32. 33. 41. 43. 44. 45. 46. 47. 48. 49. 50. 51. 52. 53. 54. 55.]
test_index [ 1.  2.  3.  4.  5.  6.  7.  8. 10.]

Fold 1 of 5
train_ids_f  {12.0, 13.0, 14.0, 15.0, 16.0, 17.0, 18.0, 19.0, 21.0, 22.0, 23.0, 24.0, 26.0, 27.0, 28.0, 29.0, 30.0, 31.0, 32.0, 33.0, 41.0, 43.0, 44.0, 45.0, 46.0, 47.0, 48.0, 49.0, 50.0, 51.0, 52.0, 53.0, 54.0, 55.0}
test_ids_f  {1.0, 2.0, 3.0, 4.0, 5.0, 6.0, 7.0, 8.0, 10.0}

Training Fixations
Regression using  MLPRegressor(hidden_layer_sizes=(100, 50, 25))
	RMSE train:  7.522081617707784
	MAE train:  5.8556647041692775
	R2 train:  0.16698917630154542
Training Saccades
Regression using  MLPRegressor(hidden_layer_sizes=(100, 50, 25))
	RMSE train:  7.5968853923826645
	MAE train:  5.664684882520094
	R2 train:  0.14186413353513194
ppred_fix  20.548720337990183
[ 1.  2.  3.  4.  5.  6.  7.  8. 10.] [20.54872034 20.74173317 19.7082865  20.55879369 20.04884324 19.98590507
 19.60030746 32.30647334 19.61055017]
Regression Evaluation
	RMSE test 7.371625331917179
	MAE test 6.183359809504492
	R2 test -0.43188342965751736
train_index [ 1.  2.  3.  4.  5.  6.  7.  8. 10. 22. 23. 24. 26. 27. 28. 29. 30. 31.
 32. 33. 41. 43. 44. 45. 46. 47. 48. 49. 50. 51. 52. 53. 54. 55.]
test_index [12. 13. 14. 15. 16. 17. 18. 19. 21.]

Fold 2 of 5
train_ids_f  {1.0, 2.0, 3.0, 4.0, 5.0, 6.0, 7.0, 8.0, 10.0, 22.0, 23.0, 24.0, 26.0, 27.0, 28.0, 29.0, 30.0, 31.0, 32.0, 33.0, 41.0, 43.0, 44.0, 45.0, 46.0, 47.0, 48.0, 49.0, 50.0, 51.0, 52.0, 53.0, 54.0, 55.0}
test_ids_f  {12.0, 13.0, 14.0, 15.0, 16.0, 17.0, 18.0, 19.0, 21.0}

Training Fixations
Regression using  MLPRegressor(hidden_layer_sizes=(100, 50, 25))
	RMSE train:  6.955086565107537
	MAE train:  5.781604618033559
	R2 train:  0.15767530126287888
Training Saccades
Regression using  MLPRegressor(hidden_layer_sizes=(100, 50, 25))
	RMSE train:  6.873097082730485
	MAE train:  5.58030228256557
	R2 train:  0.17535563816196698
ppred_fix  nan
[12. 13. 14. 15. 16. 17. 18. 19. 21.] [20.40138719 18.71779242 19.78217124 19.97746048 20.11630294 20.28237225
 20.21606136 20.99112745 20.42227806]
Regression Evaluation
	RMSE test 9.896802935306738
	MAE test 6.31714005245849
	R2 test -0.004009538795745504
train_index [ 1.  2.  3.  4.  5.  6.  7.  8. 10. 12. 13. 14. 15. 16. 17. 18. 19. 21.
 32. 33. 41. 43. 44. 45. 46. 47. 48. 49. 50. 51. 52. 53. 54. 55.]
test_index [22. 23. 24. 26. 27. 28. 29. 30. 31.]

Fold 3 of 5
train_ids_f  {1.0, 2.0, 3.0, 4.0, 5.0, 6.0, 7.0, 8.0, 10.0, 12.0, 13.0, 14.0, 15.0, 16.0, 17.0, 18.0, 19.0, 21.0, 32.0, 33.0, 41.0, 43.0, 44.0, 45.0, 46.0, 47.0, 48.0, 49.0, 50.0, 51.0, 52.0, 53.0, 54.0, 55.0}
test_ids_f  {22.0, 23.0, 24.0, 26.0, 27.0, 28.0, 29.0, 30.0, 31.0}

Training Fixations
Regression using  MLPRegressor(hidden_layer_sizes=(100, 50, 25))
	RMSE train:  7.439284585878556
	MAE train:  5.7174367000549555
	R2 train:  0.13906830573948037
Training Saccades
Regression using  MLPRegressor(hidden_layer_sizes=(100, 50, 25))
	RMSE train:  7.335113199376562
	MAE train:  5.594057935497262
	R2 train:  0.15313999842979564
ppred_fix  nan
[22. 23. 24. 26. 27. 28. 29. 30. 31.] [18.3933591  18.7517089  19.50455321 19.83233491 20.50287391 19.09941223
 20.10153324 20.1284982  18.81450841]
Regression Evaluation
	RMSE test 7.045175316289142
	MAE test 5.565571409638584
	R2 test -0.07324989701474505
train_index [ 1.  2.  3.  4.  5.  6.  7.  8. 10. 12. 13. 14. 15. 16. 17. 18. 19. 21.
 22. 23. 24. 26. 27. 28. 29. 30. 31. 48. 49. 50. 51. 52. 53. 54. 55.]
test_index [32. 33. 41. 43. 44. 45. 46. 47.]

Fold 4 of 5
train_ids_f  {1.0, 2.0, 3.0, 4.0, 5.0, 6.0, 7.0, 8.0, 10.0, 12.0, 13.0, 14.0, 15.0, 16.0, 17.0, 18.0, 19.0, 21.0, 22.0, 23.0, 24.0, 26.0, 27.0, 28.0, 29.0, 30.0, 31.0, 48.0, 49.0, 50.0, 51.0, 52.0, 53.0, 54.0, 55.0}
test_ids_f  {32.0, 33.0, 41.0, 43.0, 44.0, 45.0, 46.0, 47.0}

Training Fixations
Regression using  MLPRegressor(hidden_layer_sizes=(100, 50, 25))
	RMSE train:  7.04550500590469
	MAE train:  5.2679041347656455
	R2 train:  0.14645230370455553
Training Saccades
Regression using  MLPRegressor(hidden_layer_sizes=(100, 50, 25))
	RMSE train:  7.142763046003579
	MAE train:  5.181175679828722
	R2 train:  0.11529354140774473
ppred_fix  nan
[32. 33. 41. 43. 44. 45. 46. 47.] [18.95204104 19.47730087 18.84249328 19.56765213 19.11326776 20.07963267
 19.58021836 20.03071116]
Regression Evaluation
	RMSE test 7.823016604382558
	MAE test 6.750733373532249
	R2 test 0.016874075623370177
train_index [ 1.  2.  3.  4.  5.  6.  7.  8. 10. 12. 13. 14. 15. 16. 17. 18. 19. 21.
 22. 23. 24. 26. 27. 28. 29. 30. 31. 32. 33. 41. 43. 44. 45. 46. 47.]
test_index [48. 49. 50. 51. 52. 53. 54. 55.]

Fold 5 of 5
train_ids_f  {1.0, 2.0, 3.0, 4.0, 5.0, 6.0, 7.0, 8.0, 10.0, 12.0, 13.0, 14.0, 15.0, 16.0, 17.0, 18.0, 19.0, 21.0, 22.0, 23.0, 24.0, 26.0, 27.0, 28.0, 29.0, 30.0, 31.0, 32.0, 33.0, 41.0, 43.0, 44.0, 45.0, 46.0, 47.0}
test_ids_f  {48.0, 49.0, 50.0, 51.0, 52.0, 53.0, 54.0, 55.0}

Training Fixations
Regression using  MLPRegressor(hidden_layer_sizes=(100, 50, 25))
	RMSE train:  22.42515379293633
	MAE train:  5.799823097910172
	R2 train:  -7.5300503615386685
Training Saccades
Regression using  MLPRegressor(hidden_layer_sizes=(100, 50, 25))
	RMSE train:  7.181689487748161
	MAE train:  5.409729097447972
	R2 train:  0.11511242691322687
ppred_fix  nan
[48. 49. 50. 51. 52. 53. 54. 55.] [20.29369368 19.37322887 19.81947549 20.28264771 19.08405937 18.73400778
 18.64183143 19.67950757]
Regression Evaluation
	RMSE test 8.231399186001303
	MAE test 6.634455989953547
	R2 test 0.035502739369353664

RMSE CV score: 8.073603874779383 +- 0.9962115567683043
MAE CV score: 6.290252127017473 +- 0.41661261331613963
R2 CV score: -0.09135321009505681 +- 0.1741970462345895


