Training models with  all features
Standard Deviation of labels 7.82077409617085

-------------------------------

Fixations Counts per Subject:
{1: 5309, 2: 6410, 3: 3521, 4: 3566, 5: 4606, 6: 5110, 7: 4930, 8: 5527, 10: 2502, 12: 5631, 13: 4101, 14: 5388, 15: 3392, 16: 3429, 17: 5071, 18: 3507, 19: 5891, 21: 4693, 22: 5281, 23: 5110, 24: 3767, 26: 5624, 27: 4638, 28: 4197, 29: 5193, 30: 4689, 31: 3529, 32: 6411, 33: 4188, 41: 5915, 43: 7097, 44: 5276, 45: 3430, 46: 4663, 47: 4575, 48: 3925, 49: 5512, 50: 5203, 51: 4585, 52: 2784, 53: 4762, 54: 3755, 55: 5273}

Saccades Counts per Subject:
{1: 3211, 2: 4162, 3: 2293, 4: 2151, 5: 2643, 6: 3356, 7: 2946, 8: 3276, 10: 1851, 12: 3539, 13: 2409, 14: 3686, 15: 1931, 16: 2047, 17: 2887, 18: 2559, 19: 3593, 21: 2738, 22: 3427, 23: 3287, 24: 2503, 26: 3608, 27: 2687, 28: 2558, 29: 3005, 30: 2798, 31: 2456, 32: 3888, 33: 2778, 41: 3367, 43: 4220, 44: 3639, 45: 1852, 46: 2587, 47: 2739, 48: 2621, 49: 3289, 50: 2823, 51: 3085, 52: 1864, 53: 2772, 54: 2460, 55: 3017}

-------------------------------
sub_ids  [ 1.  2.  3.  4.  5.  6.  7.  8. 10. 12. 13. 14. 15. 16. 17. 18. 19. 21.
 22. 23. 24. 26. 27. 28. 29. 30. 31. 32. 33. 41. 43. 44. 45. 46. 47. 48.
 49. 50. 51. 52. 53. 54. 55.]
train_index [12. 13. 14. 15. 16. 17. 18. 19. 21. 22. 23. 24. 26. 27. 28. 29. 30. 31.
 32. 33. 41. 43. 44. 45. 46. 47. 48. 49. 50. 51. 52. 53. 54. 55.]
test_index [ 1.  2.  3.  4.  5.  6.  7.  8. 10.]

Fold 1 of 5
train_ids_f  {12.0, 13.0, 14.0, 15.0, 16.0, 17.0, 18.0, 19.0, 21.0, 22.0, 23.0, 24.0, 26.0, 27.0, 28.0, 29.0, 30.0, 31.0, 32.0, 33.0, 41.0, 43.0, 44.0, 45.0, 46.0, 47.0, 48.0, 49.0, 50.0, 51.0, 52.0, 53.0, 54.0, 55.0}
test_ids_f  {1.0, 2.0, 3.0, 4.0, 5.0, 6.0, 7.0, 8.0, 10.0}

Training Fixations
Regression using  RandomForestRegressor(n_jobs=32)
	RMSE train:  2.5985107011468758
	MAE train:  1.8202226376296853
	R2 train:  0.9005914861913769
Training Saccades
Regression using  RandomForestRegressor(n_jobs=32)
	RMSE train:  2.515502917434772
	MAE train:  1.7008202068497453
	R2 train:  0.9059119309973203
ppred_fix  20.844070446411752
[ 1.  2.  3.  4.  5.  6.  7.  8. 10.] [20.84407045 19.83960998 19.89001136 20.22023836 19.38841728 19.95686301
 20.54444016 20.27270128 19.75944444]
Regression Evaluation
	RMSE test 6.331389726206754
	MAE test 5.535619797195709
	R2 test -0.0562804700957813
train_index [ 1.  2.  3.  4.  5.  6.  7.  8. 10. 22. 23. 24. 26. 27. 28. 29. 30. 31.
 32. 33. 41. 43. 44. 45. 46. 47. 48. 49. 50. 51. 52. 53. 54. 55.]
test_index [12. 13. 14. 15. 16. 17. 18. 19. 21.]

Fold 2 of 5
train_ids_f  {1.0, 2.0, 3.0, 4.0, 5.0, 6.0, 7.0, 8.0, 10.0, 22.0, 23.0, 24.0, 26.0, 27.0, 28.0, 29.0, 30.0, 31.0, 32.0, 33.0, 41.0, 43.0, 44.0, 45.0, 46.0, 47.0, 48.0, 49.0, 50.0, 51.0, 52.0, 53.0, 54.0, 55.0}
test_ids_f  {12.0, 13.0, 14.0, 15.0, 16.0, 17.0, 18.0, 19.0, 21.0}

Training Fixations
Regression using  RandomForestRegressor(n_jobs=32)
	RMSE train:  2.2639720231754117
	MAE train:  1.6954705556902456
	R2 train:  0.9107482855168054
Training Saccades
Regression using  RandomForestRegressor(n_jobs=32)
	RMSE train:  2.1617023237891555
	MAE train:  1.5895357743980487
	R2 train:  0.9184256698800853
ppred_fix  nan
[12. 13. 14. 15. 16. 17. 18. 19. 21.] [20.80131593 18.30862716 19.77042687 19.4061704  18.76805191 19.83141195
 19.76142857 19.86368019 20.06022587]
Regression Evaluation
	RMSE test 10.101780028951394
	MAE test 6.135461079013215
	R2 test -0.04602920020488721
train_index [ 1.  2.  3.  4.  5.  6.  7.  8. 10. 12. 13. 14. 15. 16. 17. 18. 19. 21.
 32. 33. 41. 43. 44. 45. 46. 47. 48. 49. 50. 51. 52. 53. 54. 55.]
test_index [22. 23. 24. 26. 27. 28. 29. 30. 31.]

Fold 3 of 5
train_ids_f  {1.0, 2.0, 3.0, 4.0, 5.0, 6.0, 7.0, 8.0, 10.0, 12.0, 13.0, 14.0, 15.0, 16.0, 17.0, 18.0, 19.0, 21.0, 32.0, 33.0, 41.0, 43.0, 44.0, 45.0, 46.0, 47.0, 48.0, 49.0, 50.0, 51.0, 52.0, 53.0, 54.0, 55.0}
test_ids_f  {22.0, 23.0, 24.0, 26.0, 27.0, 28.0, 29.0, 30.0, 31.0}

Training Fixations
Regression using  RandomForestRegressor(n_jobs=32)
	RMSE train:  2.518124213418046
	MAE train:  1.7149134039440284
	R2 train:  0.9013582771618515
Training Saccades
Regression using  RandomForestRegressor(n_jobs=32)
	RMSE train:  2.3981796654612397
	MAE train:  1.5680653038797707
	R2 train:  0.9094764843145458
ppred_fix  nan
[22. 23. 24. 26. 27. 28. 29. 30. 31.] [18.23201288 19.42971624 19.81271303 19.36818457 20.38101552 18.51178699
 19.40770653 19.45572617 20.56118447]
Regression Evaluation
	RMSE test 6.998059581327823
	MAE test 5.64680314944513
	R2 test -0.05894283774931819
train_index [ 1.  2.  3.  4.  5.  6.  7.  8. 10. 12. 13. 14. 15. 16. 17. 18. 19. 21.
 22. 23. 24. 26. 27. 28. 29. 30. 31. 48. 49. 50. 51. 52. 53. 54. 55.]
test_index [32. 33. 41. 43. 44. 45. 46. 47.]

Fold 4 of 5
train_ids_f  {1.0, 2.0, 3.0, 4.0, 5.0, 6.0, 7.0, 8.0, 10.0, 12.0, 13.0, 14.0, 15.0, 16.0, 17.0, 18.0, 19.0, 21.0, 22.0, 23.0, 24.0, 26.0, 27.0, 28.0, 29.0, 30.0, 31.0, 48.0, 49.0, 50.0, 51.0, 52.0, 53.0, 54.0, 55.0}
test_ids_f  {32.0, 33.0, 41.0, 43.0, 44.0, 45.0, 46.0, 47.0}

Training Fixations
Regression using  RandomForestRegressor(n_jobs=32)
	RMSE train:  2.3034281174629925
	MAE train:  1.5198043775052832
	R2 train:  0.9087668086819325
Training Saccades
Regression using  RandomForestRegressor(n_jobs=32)
	RMSE train:  2.3223580656459992
	MAE train:  1.5131176033273726
	R2 train:  0.906475569258945
ppred_fix  nan
[32. 33. 41. 43. 44. 45. 46. 47.] [18.72150679 18.75717287 19.25045985 18.48726363 18.77929682 19.26217201
 19.96912074 20.84481749]
Regression Evaluation
	RMSE test 8.111161603156246
	MAE test 6.89708524178317
	R2 test -0.056882611285401063
train_index [ 1.  2.  3.  4.  5.  6.  7.  8. 10. 12. 13. 14. 15. 16. 17. 18. 19. 21.
 22. 23. 24. 26. 27. 28. 29. 30. 31. 32. 33. 41. 43. 44. 45. 46. 47.]
test_index [48. 49. 50. 51. 52. 53. 54. 55.]

Fold 5 of 5
train_ids_f  {1.0, 2.0, 3.0, 4.0, 5.0, 6.0, 7.0, 8.0, 10.0, 12.0, 13.0, 14.0, 15.0, 16.0, 17.0, 18.0, 19.0, 21.0, 22.0, 23.0, 24.0, 26.0, 27.0, 28.0, 29.0, 30.0, 31.0, 32.0, 33.0, 41.0, 43.0, 44.0, 45.0, 46.0, 47.0}
test_ids_f  {48.0, 49.0, 50.0, 51.0, 52.0, 53.0, 54.0, 55.0}

Training Fixations
Regression using  RandomForestRegressor(n_jobs=32)
	RMSE train:  2.6480055959232507
	MAE train:  1.9543664506189562
	R2 train:  0.8810625749201817
Training Saccades
Regression using  RandomForestRegressor(n_jobs=32)
	RMSE train:  2.566051759778342
	MAE train:  1.838172813775237
	R2 train:  0.887029338137175
ppred_fix  nan
[48. 49. 50. 51. 52. 53. 54. 55.] [20.35202548 19.06001996 20.48452239 20.8537361  19.57213003 18.83037169
 20.4688229  19.96715911]
Regression Evaluation
	RMSE test 8.3195372713697
	MAE test 6.82578145939587
	R2 test 0.014737360715877501

RMSE CV score: 7.972385642202383 +- 1.2896722331277863
MAE CV score: 6.208150145366618 +- 0.5707523502452314
R2 CV score: -0.04067955172390205 +- 0.028068232337908224

-------------------------------
sub_ids  [ 1.  2.  3.  4.  5.  6.  7.  8. 10. 12. 13. 14. 15. 16. 17. 18. 19. 21.
 22. 23. 24. 26. 27. 28. 29. 30. 31. 32. 33. 41. 43. 44. 45. 46. 47. 48.
 49. 50. 51. 52. 53. 54. 55.]
train_index [12. 13. 14. 15. 16. 17. 18. 19. 21. 22. 23. 24. 26. 27. 28. 29. 30. 31.
 32. 33. 41. 43. 44. 45. 46. 47. 48. 49. 50. 51. 52. 53. 54. 55.]
test_index [ 1.  2.  3.  4.  5.  6.  7.  8. 10.]

Fold 1 of 5
train_ids_f  {12.0, 13.0, 14.0, 15.0, 16.0, 17.0, 18.0, 19.0, 21.0, 22.0, 23.0, 24.0, 26.0, 27.0, 28.0, 29.0, 30.0, 31.0, 32.0, 33.0, 41.0, 43.0, 44.0, 45.0, 46.0, 47.0, 48.0, 49.0, 50.0, 51.0, 52.0, 53.0, 54.0, 55.0}
test_ids_f  {1.0, 2.0, 3.0, 4.0, 5.0, 6.0, 7.0, 8.0, 10.0}

Training Fixations
Regression using  RandomForestRegressor(n_jobs=32)
	RMSE train:  8.168259207357066
	MAE train:  6.4227669085177865
	R2 train:  0.017723885609936874
Training Saccades
Regression using  RandomForestRegressor(n_jobs=32)
	RMSE train:  3.1535044345093697
	MAE train:  2.4168375456261377
	R2 train:  0.8521328178191145
ppred_fix  20.080530858594646
[ 1.  2.  3.  4.  5.  6.  7.  8. 10.] [20.08053086 20.08453781 19.97786005 19.92308491 19.99402302 20.00715786
 19.93258104 20.00347658 19.90261252]
Regression Evaluation
	RMSE test 6.260700257067606
	MAE test 5.462040772733881
	R2 test -0.03282556422139149
train_index [ 1.  2.  3.  4.  5.  6.  7.  8. 10. 22. 23. 24. 26. 27. 28. 29. 30. 31.
 32. 33. 41. 43. 44. 45. 46. 47. 48. 49. 50. 51. 52. 53. 54. 55.]
test_index [12. 13. 14. 15. 16. 17. 18. 19. 21.]

Fold 2 of 5
train_ids_f  {1.0, 2.0, 3.0, 4.0, 5.0, 6.0, 7.0, 8.0, 10.0, 22.0, 23.0, 24.0, 26.0, 27.0, 28.0, 29.0, 30.0, 31.0, 32.0, 33.0, 41.0, 43.0, 44.0, 45.0, 46.0, 47.0, 48.0, 49.0, 50.0, 51.0, 52.0, 53.0, 54.0, 55.0}
test_ids_f  {12.0, 13.0, 14.0, 15.0, 16.0, 17.0, 18.0, 19.0, 21.0}

Training Fixations
Regression using  RandomForestRegressor(n_jobs=32)
	RMSE train:  7.521876575634485
	MAE train:  6.296975534034176
	R2 train:  0.014794422736865598
Training Saccades
Regression using  RandomForestRegressor(n_jobs=32)
	RMSE train:  2.9044931868953556
	MAE train:  2.359742945379605
	R2 train:  0.8527340099555006
ppred_fix  nan
[12. 13. 14. 15. 16. 17. 18. 19. 21.] [19.95362336 19.83730819 19.94827796 19.85145337 19.74381279 19.9620915
 19.78284545 19.93619303 19.98303821]
Regression Evaluation
	RMSE test 9.861494002955213
	MAE test 6.306782487986638
	R2 test 0.003141713288275061
train_index [ 1.  2.  3.  4.  5.  6.  7.  8. 10. 12. 13. 14. 15. 16. 17. 18. 19. 21.
 32. 33. 41. 43. 44. 45. 46. 47. 48. 49. 50. 51. 52. 53. 54. 55.]
test_index [22. 23. 24. 26. 27. 28. 29. 30. 31.]

Fold 3 of 5
train_ids_f  {1.0, 2.0, 3.0, 4.0, 5.0, 6.0, 7.0, 8.0, 10.0, 12.0, 13.0, 14.0, 15.0, 16.0, 17.0, 18.0, 19.0, 21.0, 32.0, 33.0, 41.0, 43.0, 44.0, 45.0, 46.0, 47.0, 48.0, 49.0, 50.0, 51.0, 52.0, 53.0, 54.0, 55.0}
test_ids_f  {22.0, 23.0, 24.0, 26.0, 27.0, 28.0, 29.0, 30.0, 31.0}

Training Fixations
Regression using  RandomForestRegressor(n_jobs=32)
	RMSE train:  7.940635748256446
	MAE train:  6.175408512047405
	R2 train:  0.019117695209812324
Training Saccades
Regression using  RandomForestRegressor(n_jobs=32)
	RMSE train:  3.0621177182454886
	MAE train:  2.3281733721363427
	R2 train:  0.8524151613285715
ppred_fix  nan
[22. 23. 24. 26. 27. 28. 29. 30. 31.] [19.44361347 19.46571837 19.52270958 19.50005917 19.59918977 19.49623695
 19.59476543 19.48473526 19.45726363]
Regression Evaluation
	RMSE test 6.926918446510892
	MAE test 5.43621967834644
	R2 test -0.03752219229408493
train_index [ 1.  2.  3.  4.  5.  6.  7.  8. 10. 12. 13. 14. 15. 16. 17. 18. 19. 21.
 22. 23. 24. 26. 27. 28. 29. 30. 31. 48. 49. 50. 51. 52. 53. 54. 55.]
test_index [32. 33. 41. 43. 44. 45. 46. 47.]

Fold 4 of 5
train_ids_f  {1.0, 2.0, 3.0, 4.0, 5.0, 6.0, 7.0, 8.0, 10.0, 12.0, 13.0, 14.0, 15.0, 16.0, 17.0, 18.0, 19.0, 21.0, 22.0, 23.0, 24.0, 26.0, 27.0, 28.0, 29.0, 30.0, 31.0, 48.0, 49.0, 50.0, 51.0, 52.0, 53.0, 54.0, 55.0}
test_ids_f  {32.0, 33.0, 41.0, 43.0, 44.0, 45.0, 46.0, 47.0}

Training Fixations
Regression using  RandomForestRegressor(n_jobs=32)
	RMSE train:  7.549957001246137
	MAE train:  5.659570998175505
	R2 train:  0.019850110323843873
Training Saccades
Regression using  RandomForestRegressor(n_jobs=32)
	RMSE train:  2.9262397560877074
	MAE train:  2.1803681484649555
	R2 train:  0.8515136525622968
ppred_fix  nan
[32. 33. 41. 43. 44. 45. 46. 47.] [19.41216382 19.51866145 19.47256326 19.39776639 19.34023615 19.67326669
 19.58831118 19.57887207]
Regression Evaluation
	RMSE test 7.905939952222541
	MAE test 6.898312689312709
	R2 test -0.004078498444153533
train_index [ 1.  2.  3.  4.  5.  6.  7.  8. 10. 12. 13. 14. 15. 16. 17. 18. 19. 21.
 22. 23. 24. 26. 27. 28. 29. 30. 31. 32. 33. 41. 43. 44. 45. 46. 47.]
test_index [48. 49. 50. 51. 52. 53. 54. 55.]

Fold 5 of 5
train_ids_f  {1.0, 2.0, 3.0, 4.0, 5.0, 6.0, 7.0, 8.0, 10.0, 12.0, 13.0, 14.0, 15.0, 16.0, 17.0, 18.0, 19.0, 21.0, 22.0, 23.0, 24.0, 26.0, 27.0, 28.0, 29.0, 30.0, 31.0, 32.0, 33.0, 41.0, 43.0, 44.0, 45.0, 46.0, 47.0}
test_ids_f  {48.0, 49.0, 50.0, 51.0, 52.0, 53.0, 54.0, 55.0}

Training Fixations
Regression using  RandomForestRegressor(n_jobs=32)
	RMSE train:  7.605270747386763
	MAE train:  5.8828725582759045
	R2 train:  0.018907187585747387
Training Saccades
Regression using  RandomForestRegressor(n_jobs=32)
	RMSE train:  2.948076136648286
	MAE train:  2.2240872921572055
	R2 train:  0.8508881222180906
ppred_fix  nan
[48. 49. 50. 51. 52. 53. 54. 55.] [19.61922403 19.62753387 19.69527831 19.67047888 19.75839029 19.61487653
 19.68417358 19.63273593]
Regression Evaluation
	RMSE test 8.358902773016187
	MAE test 6.9793102787779935
	R2 test 0.005391379804445817

RMSE CV score: 7.8627910863544885 +- 1.2397866431276965
MAE CV score: 6.216533181431532 +- 0.6682731616361652
R2 CV score: -0.013178632373381816 +- 0.018290009912428812


Fixations Counts per Subject:
{1: 5309, 2: 6410, 3: 3521, 4: 3566, 5: 4606, 6: 5110, 7: 4930, 8: 5527, 10: 2502, 12: 5631, 13: 4101, 14: 5388, 15: 3392, 16: 3429, 17: 5071, 18: 3507, 19: 5891, 21: 4693, 22: 5281, 23: 5110, 24: 3767, 26: 5624, 27: 4638, 28: 4197, 29: 5193, 30: 4689, 31: 3529, 32: 6411, 33: 4188, 41: 5915, 43: 7097, 44: 5276, 45: 3430, 46: 4663, 47: 4575, 48: 3925, 49: 5512, 50: 5203, 51: 4585, 52: 2784, 53: 4762, 54: 3755, 55: 5273}

Saccades Counts per Subject:
{1: 3211, 2: 4162, 3: 2293, 4: 2151, 5: 2643, 6: 3356, 7: 2946, 8: 3276, 10: 1851, 12: 3539, 13: 2409, 14: 3686, 15: 1931, 16: 2047, 17: 2887, 18: 2559, 19: 3593, 21: 2738, 22: 3427, 23: 3287, 24: 2503, 26: 3608, 27: 2687, 28: 2558, 29: 3005, 30: 2798, 31: 2456, 32: 3888, 33: 2778, 41: 3367, 43: 4220, 44: 3639, 45: 1852, 46: 2587, 47: 2739, 48: 2621, 49: 3289, 50: 2823, 51: 3085, 52: 1864, 53: 2772, 54: 2460, 55: 3017}

-------------------------------
sub_ids  [ 1.  2.  3.  4.  5.  6.  7.  8. 10. 12. 13. 14. 15. 16. 17. 18. 19. 21.
 22. 23. 24. 26. 27. 28. 29. 30. 31. 32. 33. 41. 43. 44. 45. 46. 47. 48.
 49. 50. 51. 52. 53. 54. 55.]
train_index [12. 13. 14. 15. 16. 17. 18. 19. 21. 22. 23. 24. 26. 27. 28. 29. 30. 31.
 32. 33. 41. 43. 44. 45. 46. 47. 48. 49. 50. 51. 52. 53. 54. 55.]
test_index [ 1.  2.  3.  4.  5.  6.  7.  8. 10.]

Fold 1 of 5
train_ids_f  {12.0, 13.0, 14.0, 15.0, 16.0, 17.0, 18.0, 19.0, 21.0, 22.0, 23.0, 24.0, 26.0, 27.0, 28.0, 29.0, 30.0, 31.0, 32.0, 33.0, 41.0, 43.0, 44.0, 45.0, 46.0, 47.0, 48.0, 49.0, 50.0, 51.0, 52.0, 53.0, 54.0, 55.0}
test_ids_f  {1.0, 2.0, 3.0, 4.0, 5.0, 6.0, 7.0, 8.0, 10.0}

Training Fixations
Regression using  RandomForestRegressor(n_jobs=32)
	RMSE train:  3.021227384966909
	MAE train:  2.166304950618438
	R2 train:  0.8656179113758616
Training Saccades
Regression using  RandomForestRegressor(n_jobs=32)
	RMSE train:  3.001460101974938
	MAE train:  2.1496873955368265
	R2 train:  0.8660477372531712
ppred_fix  19.97084761725372
[ 1.  2.  3.  4.  5.  6.  7.  8. 10.] [19.97084762 19.10290796 19.54288554 19.46326977 19.31478941 19.75861448
 21.72815822 20.0043966  20.04216627]
Regression Evaluation
	RMSE test 6.114580986041277
	MAE test 5.23548718194021
	R2 test 0.014822332002778604
train_index [ 1.  2.  3.  4.  5.  6.  7.  8. 10. 22. 23. 24. 26. 27. 28. 29. 30. 31.
 32. 33. 41. 43. 44. 45. 46. 47. 48. 49. 50. 51. 52. 53. 54. 55.]
test_index [12. 13. 14. 15. 16. 17. 18. 19. 21.]

Fold 2 of 5
train_ids_f  {1.0, 2.0, 3.0, 4.0, 5.0, 6.0, 7.0, 8.0, 10.0, 22.0, 23.0, 24.0, 26.0, 27.0, 28.0, 29.0, 30.0, 31.0, 32.0, 33.0, 41.0, 43.0, 44.0, 45.0, 46.0, 47.0, 48.0, 49.0, 50.0, 51.0, 52.0, 53.0, 54.0, 55.0}
test_ids_f  {12.0, 13.0, 14.0, 15.0, 16.0, 17.0, 18.0, 19.0, 21.0}

Training Fixations
Regression using  RandomForestRegressor(n_jobs=32)
	RMSE train:  2.6918862738019493
	MAE train:  2.0662045342931568
	R2 train:  0.8738207702995576
Training Saccades
Regression using  RandomForestRegressor(n_jobs=32)
	RMSE train:  2.67451146066543
	MAE train:  2.0576950987210108
	R2 train:  0.8751321414466235
ppred_fix  nan
[12. 13. 14. 15. 16. 17. 18. 19. 21.] [20.5316125  18.70526213 19.329768   18.77700472 18.82496646 19.81635378
 18.94453379 19.11965031 19.12809504]
Regression Evaluation
	RMSE test 10.00394414685721
	MAE test 6.040716120373903
	R2 test -0.025865702096750987
train_index [ 1.  2.  3.  4.  5.  6.  7.  8. 10. 12. 13. 14. 15. 16. 17. 18. 19. 21.
 32. 33. 41. 43. 44. 45. 46. 47. 48. 49. 50. 51. 52. 53. 54. 55.]
test_index [22. 23. 24. 26. 27. 28. 29. 30. 31.]

Fold 3 of 5
train_ids_f  {1.0, 2.0, 3.0, 4.0, 5.0, 6.0, 7.0, 8.0, 10.0, 12.0, 13.0, 14.0, 15.0, 16.0, 17.0, 18.0, 19.0, 21.0, 32.0, 33.0, 41.0, 43.0, 44.0, 45.0, 46.0, 47.0, 48.0, 49.0, 50.0, 51.0, 52.0, 53.0, 54.0, 55.0}
test_ids_f  {22.0, 23.0, 24.0, 26.0, 27.0, 28.0, 29.0, 30.0, 31.0}

Training Fixations
Regression using  RandomForestRegressor(n_jobs=32)
	RMSE train:  2.8857943332966327
	MAE train:  2.013342732808964
	R2 train:  0.8704500936802342
Training Saccades
Regression using  RandomForestRegressor(n_jobs=32)
	RMSE train:  2.84883563006629
	MAE train:  1.9799702886679762
	R2 train:  0.872258278454981
ppred_fix  nan
[22. 23. 24. 26. 27. 28. 29. 30. 31.] [18.87695891 19.09322309 19.4931537  18.96035562 20.34500862 18.69111985
 18.95133641 19.0159501  20.44408331]
Regression Evaluation
	RMSE test 6.965560023355828
	MAE test 5.471956328153819
	R2 test -0.049130043127816325
train_index [ 1.  2.  3.  4.  5.  6.  7.  8. 10. 12. 13. 14. 15. 16. 17. 18. 19. 21.
 22. 23. 24. 26. 27. 28. 29. 30. 31. 48. 49. 50. 51. 52. 53. 54. 55.]
test_index [32. 33. 41. 43. 44. 45. 46. 47.]

Fold 4 of 5
train_ids_f  {1.0, 2.0, 3.0, 4.0, 5.0, 6.0, 7.0, 8.0, 10.0, 12.0, 13.0, 14.0, 15.0, 16.0, 17.0, 18.0, 19.0, 21.0, 22.0, 23.0, 24.0, 26.0, 27.0, 28.0, 29.0, 30.0, 31.0, 48.0, 49.0, 50.0, 51.0, 52.0, 53.0, 54.0, 55.0}
test_ids_f  {32.0, 33.0, 41.0, 43.0, 44.0, 45.0, 46.0, 47.0}

Training Fixations
Regression using  RandomForestRegressor(n_jobs=32)
	RMSE train:  2.6889204548360213
	MAE train:  1.837634264483109
	R2 train:  0.8756747192433575
Training Saccades
Regression using  RandomForestRegressor(n_jobs=32)
	RMSE train:  2.681430251199396
	MAE train:  1.8386936647310577
	R2 train:  0.875319159603129
ppred_fix  nan
[32. 33. 41. 43. 44. 45. 46. 47.] [18.5948604  19.17216571 19.08366019 18.40754826 18.52338324 19.48851312
 19.84153764 19.27540546]
Regression Evaluation
	RMSE test 8.033966868957632
	MAE test 6.754425183773407
	R2 test -0.0368614241206251
train_index [ 1.  2.  3.  4.  5.  6.  7.  8. 10. 12. 13. 14. 15. 16. 17. 18. 19. 21.
 22. 23. 24. 26. 27. 28. 29. 30. 31. 32. 33. 41. 43. 44. 45. 46. 47.]
test_index [48. 49. 50. 51. 52. 53. 54. 55.]

Fold 5 of 5
train_ids_f  {1.0, 2.0, 3.0, 4.0, 5.0, 6.0, 7.0, 8.0, 10.0, 12.0, 13.0, 14.0, 15.0, 16.0, 17.0, 18.0, 19.0, 21.0, 22.0, 23.0, 24.0, 26.0, 27.0, 28.0, 29.0, 30.0, 31.0, 32.0, 33.0, 41.0, 43.0, 44.0, 45.0, 46.0, 47.0}
test_ids_f  {48.0, 49.0, 50.0, 51.0, 52.0, 53.0, 54.0, 55.0}

Training Fixations
Regression using  RandomForestRegressor(n_jobs=32)
	RMSE train:  3.017220771423291
	MAE train:  2.2453235600329795
	R2 train:  0.8455830704239368
Training Saccades
Regression using  RandomForestRegressor(n_jobs=32)
	RMSE train:  3.0003609518564684
	MAE train:  2.2331311783554253
	R2 train:  0.8455521532057569
ppred_fix  nan
[48. 49. 50. 51. 52. 53. 54. 55.] [19.06997197 18.76025943 19.0813915  20.85604144 19.42451868 19.13188366
 18.22906791 18.74543713]
Regression Evaluation
	RMSE test 8.568568535630625
	MAE test 7.201052540937633
	R2 test -0.04512977579785282

RMSE CV score: 7.937324112168514 +- 1.3375683653943495
MAE CV score: 6.1407274710357935 +- 0.7453363306986254
R2 CV score: -0.028432922628053324 +- 0.023046921766692773

sub_ids  [ 1.  2.  3.  4.  5.  6.  7.  8. 10. 12. 13. 14. 15. 16. 17. 18. 19. 21.
 22. 23. 24. 26. 27. 28. 29. 30. 31. 32. 33. 41. 43. 44. 45. 46. 47. 48.
 49. 50. 51. 52. 53. 54. 55.]
train_index [12. 13. 14. 15. 16. 17. 18. 19. 21. 22. 23. 24. 26. 27. 28. 29. 30. 31.
 32. 33. 41. 43. 44. 45. 46. 47. 48. 49. 50. 51. 52. 53. 54. 55.]
test_index [ 1.  2.  3.  4.  5.  6.  7.  8. 10.]

Fold 1 of 5
train_ids_f  {12.0, 13.0, 14.0, 15.0, 16.0, 17.0, 18.0, 19.0, 21.0, 22.0, 23.0, 24.0, 26.0, 27.0, 28.0, 29.0, 30.0, 31.0, 32.0, 33.0, 41.0, 43.0, 44.0, 45.0, 46.0, 47.0, 48.0, 49.0, 50.0, 51.0, 52.0, 53.0, 54.0, 55.0}
test_ids_f  {1.0, 2.0, 3.0, 4.0, 5.0, 6.0, 7.0, 8.0, 10.0}


Training models with  ou features
Standard Deviation of labels 7.82077409617085

-------------------------------

Fixations Counts per Subject:
{1: 5309, 2: 6410, 3: 3521, 4: 3566, 5: 4606, 6: 5110, 7: 4930, 8: 5527, 10: 2502, 12: 5631, 13: 4101, 14: 5388, 15: 3392, 16: 3429, 17: 5071, 18: 3507, 19: 5891, 21: 4693, 22: 5281, 23: 5110, 24: 3767, 26: 5624, 27: 4638, 28: 4197, 29: 5193, 30: 4689, 31: 3529, 32: 6411, 33: 4188, 41: 5915, 43: 7097, 44: 5276, 45: 3430, 46: 4663, 47: 4575, 48: 3925, 49: 5512, 50: 5203, 51: 4585, 52: 2784, 53: 4762, 54: 3755, 55: 5273}

Saccades Counts per Subject:
{1: 3211, 2: 4162, 3: 2293, 4: 2151, 5: 2643, 6: 3356, 7: 2946, 8: 3276, 10: 1851, 12: 3539, 13: 2409, 14: 3686, 15: 1931, 16: 2047, 17: 2887, 18: 2559, 19: 3593, 21: 2738, 22: 3427, 23: 3287, 24: 2503, 26: 3608, 27: 2687, 28: 2558, 29: 3005, 30: 2798, 31: 2456, 32: 3888, 33: 2778, 41: 3367, 43: 4220, 44: 3639, 45: 1852, 46: 2587, 47: 2739, 48: 2621, 49: 3289, 50: 2823, 51: 3085, 52: 1864, 53: 2772, 54: 2460, 55: 3017}

-------------------------------
sub_ids  [ 1.  2.  3.  4.  5.  6.  7.  8. 10. 12. 13. 14. 15. 16. 17. 18. 19. 21.
 22. 23. 24. 26. 27. 28. 29. 30. 31. 32. 33. 41. 43. 44. 45. 46. 47. 48.
 49. 50. 51. 52. 53. 54. 55.]
train_index [12. 13. 14. 15. 16. 17. 18. 19. 21. 22. 23. 24. 26. 27. 28. 29. 30. 31.
 32. 33. 41. 43. 44. 45. 46. 47. 48. 49. 50. 51. 52. 53. 54. 55.]
test_index [ 1.  2.  3.  4.  5.  6.  7.  8. 10.]

Fold 1 of 5
train_ids_f  {12.0, 13.0, 14.0, 15.0, 16.0, 17.0, 18.0, 19.0, 21.0, 22.0, 23.0, 24.0, 26.0, 27.0, 28.0, 29.0, 30.0, 31.0, 32.0, 33.0, 41.0, 43.0, 44.0, 45.0, 46.0, 47.0, 48.0, 49.0, 50.0, 51.0, 52.0, 53.0, 54.0, 55.0}
test_ids_f  {1.0, 2.0, 3.0, 4.0, 5.0, 6.0, 7.0, 8.0, 10.0}

Training Fixations
Regression using  RandomForestRegressor(n_jobs=32)
	RMSE train:  2.9507827428541846
	MAE train:  2.287329843910645
	R2 train:  0.8718115100970317
Training Saccades
Regression using  RandomForestRegressor(n_jobs=32)
	RMSE train:  2.8788547138008282
	MAE train:  2.1424619374183287
	R2 train:  0.8767677435155183
ppred_fix  20.543298172913918
[ 1.  2.  3.  4.  5.  6.  7.  8. 10.] [20.54329817 20.71517317 19.65804885 20.72231632 19.99208641 20.1207319
 19.75519878 20.01761715 19.41376499]
Regression Evaluation
	RMSE test 6.372747129535612
	MAE test 5.549804799885186
	R2 test -0.07012504363609451
train_index [ 1.  2.  3.  4.  5.  6.  7.  8. 10. 22. 23. 24. 26. 27. 28. 29. 30. 31.
 32. 33. 41. 43. 44. 45. 46. 47. 48. 49. 50. 51. 52. 53. 54. 55.]
test_index [12. 13. 14. 15. 16. 17. 18. 19. 21.]

Fold 2 of 5
train_ids_f  {1.0, 2.0, 3.0, 4.0, 5.0, 6.0, 7.0, 8.0, 10.0, 22.0, 23.0, 24.0, 26.0, 27.0, 28.0, 29.0, 30.0, 31.0, 32.0, 33.0, 41.0, 43.0, 44.0, 45.0, 46.0, 47.0, 48.0, 49.0, 50.0, 51.0, 52.0, 53.0, 54.0, 55.0}
test_ids_f  {12.0, 13.0, 14.0, 15.0, 16.0, 17.0, 18.0, 19.0, 21.0}

Training Fixations
Regression using  RandomForestRegressor(n_jobs=32)
	RMSE train:  2.7046028040513757
	MAE train:  2.2231346549548374
	R2 train:  0.8726258074958596
Training Saccades
Regression using  RandomForestRegressor(n_jobs=32)
	RMSE train:  2.597500655516518
	MAE train:  2.07154335359155
	R2 train:  0.882219588065767
ppred_fix  nan
[12. 13. 14. 15. 16. 17. 18. 19. 21.] [20.39227135 18.69234821 19.83126763 20.08431899 19.99195101 20.05179649
 20.17987169 20.63342217 19.99178564]
Regression Evaluation
	RMSE test 9.881377332824236
	MAE test 6.242344731740705
	R2 test -0.000882189000994904
train_index [ 1.  2.  3.  4.  5.  6.  7.  8. 10. 12. 13. 14. 15. 16. 17. 18. 19. 21.
 32. 33. 41. 43. 44. 45. 46. 47. 48. 49. 50. 51. 52. 53. 54. 55.]
test_index [22. 23. 24. 26. 27. 28. 29. 30. 31.]

Fold 3 of 5
train_ids_f  {1.0, 2.0, 3.0, 4.0, 5.0, 6.0, 7.0, 8.0, 10.0, 12.0, 13.0, 14.0, 15.0, 16.0, 17.0, 18.0, 19.0, 21.0, 32.0, 33.0, 41.0, 43.0, 44.0, 45.0, 46.0, 47.0, 48.0, 49.0, 50.0, 51.0, 52.0, 53.0, 54.0, 55.0}
test_ids_f  {22.0, 23.0, 24.0, 26.0, 27.0, 28.0, 29.0, 30.0, 31.0}

Training Fixations
Regression using  RandomForestRegressor(n_jobs=32)
	RMSE train:  2.87969142423208
	MAE train:  2.2115002063299523
	R2 train:  0.8709974613638345
Training Saccades
Regression using  RandomForestRegressor(n_jobs=32)
	RMSE train:  2.7852053277326645
	MAE train:  2.0491354205883257
	R2 train:  0.8779009135620328
ppred_fix  nan
[22. 23. 24. 26. 27. 28. 29. 30. 31.] [18.82627154 19.33118395 19.77450226 20.14390469 20.56651143 19.37710746
 20.22675717 20.20874387 19.40443752]
Regression Evaluation
	RMSE test 6.960771548695846
	MAE test 5.5232429015675
	R2 test -0.04768808991025608
train_index [ 1.  2.  3.  4.  5.  6.  7.  8. 10. 12. 13. 14. 15. 16. 17. 18. 19. 21.
 22. 23. 24. 26. 27. 28. 29. 30. 31. 48. 49. 50. 51. 52. 53. 54. 55.]
test_index [32. 33. 41. 43. 44. 45. 46. 47.]

Fold 4 of 5
train_ids_f  {1.0, 2.0, 3.0, 4.0, 5.0, 6.0, 7.0, 8.0, 10.0, 12.0, 13.0, 14.0, 15.0, 16.0, 17.0, 18.0, 19.0, 21.0, 22.0, 23.0, 24.0, 26.0, 27.0, 28.0, 29.0, 30.0, 31.0, 48.0, 49.0, 50.0, 51.0, 52.0, 53.0, 54.0, 55.0}
test_ids_f  {32.0, 33.0, 41.0, 43.0, 44.0, 45.0, 46.0, 47.0}

Training Fixations
Regression using  RandomForestRegressor(n_jobs=32)
	RMSE train:  2.7380416290929457
	MAE train:  2.0499529334023223
	R2 train:  0.8710908832923258
Training Saccades
Regression using  RandomForestRegressor(n_jobs=32)
	RMSE train:  2.712079253323646
	MAE train:  1.96989622053889
	R2 train:  0.8724526427516095
ppred_fix  nan
[32. 33. 41. 43. 44. 45. 46. 47.] [19.42075651 19.56415473 19.00953001 19.58453713 19.36231046 20.28407289
 19.65566159 20.49072787]
Regression Evaluation
	RMSE test 7.791247315826874
	MAE test 6.808015369162016
	R2 test 0.02484281547984779
train_index [ 1.  2.  3.  4.  5.  6.  7.  8. 10. 12. 13. 14. 15. 16. 17. 18. 19. 21.
 22. 23. 24. 26. 27. 28. 29. 30. 31. 32. 33. 41. 43. 44. 45. 46. 47.]
test_index [48. 49. 50. 51. 52. 53. 54. 55.]

Fold 5 of 5
train_ids_f  {1.0, 2.0, 3.0, 4.0, 5.0, 6.0, 7.0, 8.0, 10.0, 12.0, 13.0, 14.0, 15.0, 16.0, 17.0, 18.0, 19.0, 21.0, 22.0, 23.0, 24.0, 26.0, 27.0, 28.0, 29.0, 30.0, 31.0, 32.0, 33.0, 41.0, 43.0, 44.0, 45.0, 46.0, 47.0}
test_ids_f  {48.0, 49.0, 50.0, 51.0, 52.0, 53.0, 54.0, 55.0}

Training Fixations
Regression using  RandomForestRegressor(n_jobs=32)
	RMSE train:  2.7748999348817107
	MAE train:  2.1400819055528477
	R2 train:  0.8693903130752354
Training Saccades
Regression using  RandomForestRegressor(n_jobs=32)
	RMSE train:  2.723052070431166
	MAE train:  2.0244973070892214
	R2 train:  0.8727825340211461
ppred_fix  nan
[48. 49. 50. 51. 52. 53. 54. 55.] [21.08323057 20.40912917 20.42197963 21.23924318 19.61197557 19.27360143
 19.17086019 20.28563057]
Regression Evaluation
	RMSE test 8.242047380683257
	MAE test 6.755957204699147
	R2 test 0.033005764762594314

RMSE CV score: 7.849638141513165 +- 1.2047115440723968
MAE CV score: 6.1758730014109116 +- 0.5582844413248204
R2 CV score: -0.012169348460980677 +- 0.04039439243358394
